# JRE version: OpenJDK Runtime Environment (8.0_152-b02) (build 1.8.0_152-release-1024-b02)
# Java VM: OpenJDK 64-Bit Server VM (25.152-b02 mixed mode windows-amd64 compressed oops)
Heap:
 PSYoungGen      total 293888K, used 3397K [0x00000000e0000000, 0x00000000f9f80000, 0x0000000100000000)
  eden space 267264K, 1% used [0x00000000e0000000,0x00000000e03515d8,0x00000000f0500000)
  from space 26624K, 0% used [0x00000000f0500000,0x00000000f0500000,0x00000000f1f00000)
  to   space 48128K, 0% used [0x00000000f7080000,0x00000000f7080000,0x00000000f9f80000)
 ParOldGen       total 124928K, used 119528K [0x00000000a0000000, 0x00000000a7a00000, 0x00000000e0000000)
  object space 124928K, 95% used [0x00000000a0000000,0x00000000a74ba0d0,0x00000000a7a00000)
 Metaspace       used 64504K, capacity 66644K, committed 66688K, reserved 1107968K
  class space    used 8531K, capacity 9049K, committed 9088K, reserved 1048576K
GC Heap History (10 events):
Event: 18.085 GC heap before
{Heap before GC invocations=13 (full 2):
 PSYoungGen      total 213504K, used 82762K [0x00000000e0000000, 0x00000000eec80000, 0x0000000100000000)
  eden space 198656K, 34% used [0x00000000e0000000,0x00000000e425a1d8,0x00000000ec200000)
  from space 14848K, 99% used [0x00000000ed600000,0x00000000ee478908,0x00000000ee480000)
  to   space 20480K, 0% used [0x00000000ec200000,0x00000000ec200000,0x00000000ed600000)
 ParOldGen       total 77312K, used 29377K [0x00000000a0000000, 0x00000000a4b80000, 0x00000000e0000000)
  object space 77312K, 37% used [0x00000000a0000000,0x00000000a1cb0608,0x00000000a4b80000)
 Metaspace       used 56990K, capacity 58908K, committed 59008K, reserved 1099776K
  class space    used 7783K, capacity 8249K, committed 8320K, reserved 1048576K
Event: 18.118 GC heap after
Heap after GC invocations=13 (full 2):
 PSYoungGen      total 219136K, used 7570K [0x00000000e0000000, 0x00000000f3900000, 0x0000000100000000)
  eden space 198656K, 0% used [0x00000000e0000000,0x00000000e0000000,0x00000000ec200000)
  from space 20480K, 36% used [0x00000000ec200000,0x00000000ec9649f0,0x00000000ed600000)
  to   space 19968K, 0% used [0x00000000f2580000,0x00000000f2580000,0x00000000f3900000)
 ParOldGen       total 77312K, used 44154K [0x00000000a0000000, 0x00000000a4b80000, 0x00000000e0000000)
  object space 77312K, 57% used [0x00000000a0000000,0x00000000a2b1e900,0x00000000a4b80000)
 Metaspace       used 56990K, capacity 58908K, committed 59008K, reserved 1099776K
  class space    used 7783K, capacity 8249K, committed 8320K, reserved 1048576K
}
Event: 18.118 GC heap before
{Heap before GC invocations=14 (full 3):
 PSYoungGen      total 219136K, used 7570K [0x00000000e0000000, 0x00000000f3900000, 0x0000000100000000)
  eden space 198656K, 0% used [0x00000000e0000000,0x00000000e0000000,0x00000000ec200000)
  from space 20480K, 36% used [0x00000000ec200000,0x00000000ec9649f0,0x00000000ed600000)
  to   space 19968K, 0% used [0x00000000f2580000,0x00000000f2580000,0x00000000f3900000)
 ParOldGen       total 77312K, used 44154K [0x00000000a0000000, 0x00000000a4b80000, 0x00000000e0000000)
  object space 77312K, 57% used [0x00000000a0000000,0x00000000a2b1e900,0x00000000a4b80000)
 Metaspace       used 56990K, capacity 58908K, committed 59008K, reserved 1099776K
  class space    used 7783K, capacity 8249K, committed 8320K, reserved 1048576K
Event: 18.405 GC heap after
Heap after GC invocations=14 (full 3):
 PSYoungGen      total 219136K, used 0K [0x00000000e0000000, 0x00000000f3900000, 0x0000000100000000)
  eden space 198656K, 0% used [0x00000000e0000000,0x00000000e0000000,0x00000000ec200000)
  from space 20480K, 0% used [0x00000000ec200000,0x00000000ec200000,0x00000000ed600000)
  to   space 19968K, 0% used [0x00000000f2580000,0x00000000f2580000,0x00000000f3900000)
 ParOldGen       total 124928K, used 38707K [0x00000000a0000000, 0x00000000a7a00000, 0x00000000e0000000)
  object space 124928K, 30% used [0x00000000a0000000,0x00000000a25ccf20,0x00000000a7a00000)
 Metaspace       used 56990K, capacity 58908K, committed 59008K, reserved 1099776K
  class space    used 7783K, capacity 8249K, committed 8320K, reserved 1048576K
}
Event: 30.535 GC heap before
{Heap before GC invocations=15 (full 3):
 PSYoungGen      total 219136K, used 198656K [0x00000000e0000000, 0x00000000f3900000, 0x0000000100000000)
  eden space 198656K, 100% used [0x00000000e0000000,0x00000000ec200000,0x00000000ec200000)
  from space 20480K, 0% used [0x00000000ec200000,0x00000000ec200000,0x00000000ed600000)
  to   space 19968K, 0% used [0x00000000f2580000,0x00000000f2580000,0x00000000f3900000)
 ParOldGen       total 124928K, used 38707K [0x00000000a0000000, 0x00000000a7a00000, 0x00000000e0000000)
  object space 124928K, 30% used [0x00000000a0000000,0x00000000a25ccf20,0x00000000a7a00000)
 Metaspace       used 62030K, capacity 64100K, committed 64256K, reserved 1103872K
  class space    used 8389K, capacity 8882K, committed 8960K, reserved 1048576K
Event: 30.570 GC heap after
Heap after GC invocations=15 (full 3):
 PSYoungGen      total 277504K, used 19950K [0x00000000e0000000, 0x00000000f3900000, 0x0000000100000000)
  eden space 257536K, 0% used [0x00000000e0000000,0x00000000e0000000,0x00000000efb80000)
  from space 19968K, 99% used [0x00000000f2580000,0x00000000f38fba40,0x00000000f3900000)
  to   space 26624K, 0% used [0x00000000f0500000,0x00000000f0500000,0x00000000f1f00000)
 ParOldGen       total 124928K, used 49365K [0x00000000a0000000, 0x00000000a7a00000, 0x00000000e0000000)
  object space 124928K, 39% used [0x00000000a0000000,0x00000000a30354d0,0x00000000a7a00000)
 Metaspace       used 62030K, capacity 64100K, committed 64256K, reserved 1103872K
  class space    used 8389K, capacity 8882K, committed 8960K, reserved 1048576K
}
Event: 40.637 GC heap before
{Heap before GC invocations=16 (full 3):
 PSYoungGen      total 277504K, used 277486K [0x00000000e0000000, 0x00000000f3900000, 0x0000000100000000)
  eden space 257536K, 100% used [0x00000000e0000000,0x00000000efb80000,0x00000000efb80000)
  from space 19968K, 99% used [0x00000000f2580000,0x00000000f38fba40,0x00000000f3900000)
  to   space 26624K, 0% used [0x00000000f0500000,0x00000000f0500000,0x00000000f1f00000)
 ParOldGen       total 124928K, used 49365K [0x00000000a0000000, 0x00000000a7a00000, 0x00000000e0000000)
  object space 124928K, 39% used [0x00000000a0000000,0x00000000a30354d0,0x00000000a7a00000)
 Metaspace       used 64503K, capacity 66638K, committed 66688K, reserved 1107968K
  class space    used 8530K, capacity 9048K, committed 9088K, reserved 1048576K
Event: 40.744 GC heap after
Heap after GC invocations=16 (full 3):
 PSYoungGen      total 293888K, used 26607K [0x00000000e0000000, 0x00000000f9f80000, 0x0000000100000000)
  eden space 267264K, 0% used [0x00000000e0000000,0x00000000e0000000,0x00000000f0500000)
  from space 26624K, 99% used [0x00000000f0500000,0x00000000f1efbd90,0x00000000f1f00000)
  to   space 48128K, 0% used [0x00000000f7080000,0x00000000f7080000,0x00000000f9f80000)
 ParOldGen       total 124928K, used 97202K [0x00000000a0000000, 0x00000000a7a00000, 0x00000000e0000000)
  object space 124928K, 77% used [0x00000000a0000000,0x00000000a5eeca70,0x00000000a7a00000)
 Metaspace       used 64503K, capacity 66638K, committed 66688K, reserved 1107968K
  class space    used 8530K, capacity 9048K, committed 9088K, reserved 1048576K
}
Event: 40.745 GC heap before
{Heap before GC invocations=17 (full 4):
 PSYoungGen      total 293888K, used 26607K [0x00000000e0000000, 0x00000000f9f80000, 0x0000000100000000)
  eden space 267264K, 0% used [0x00000000e0000000,0x00000000e0000000,0x00000000f0500000)
  from space 26624K, 99% used [0x00000000f0500000,0x00000000f1efbd90,0x00000000f1f00000)
  to   space 48128K, 0% used [0x00000000f7080000,0x00000000f7080000,0x00000000f9f80000)
 ParOldGen       total 124928K, used 97202K [0x00000000a0000000, 0x00000000a7a00000, 0x00000000e0000000)
  object space 124928K, 77% used [0x00000000a0000000,0x00000000a5eeca70,0x00000000a7a00000)
 Metaspace       used 64503K, capacity 66638K, committed 66688K, reserved 1107968K
  class space    used 8530K, capacity 9048K, committed 9088K, reserved 1048576K
Event: 41.932 GC heap after
Heap after GC invocations=17 (full 4):
 PSYoungGen      total 293888K, used 0K [0x00000000e0000000, 0x00000000f9f80000, 0x0000000100000000)
  eden space 267264K, 0% used [0x00000000e0000000,0x00000000e0000000,0x00000000f0500000)
  from space 26624K, 0% used [0x00000000f0500000,0x00000000f0500000,0x00000000f1f00000)
  to   space 48128K, 0% used [0x00000000f7080000,0x00000000f7080000,0x00000000f9f80000)
 ParOldGen       total 124928K, used 119528K [0x00000000a0000000, 0x00000000a7a00000, 0x00000000e0000000)
  object space 124928K, 95% used [0x00000000a0000000,0x00000000a74ba0d0,0x00000000a7a00000)
 Metaspace       used 64503K, capacity 66638K, committed 66688K, reserved 1107968K
  class space    used 8530K, capacity 9048K, committed 9088K, reserved 1048576K
}

